<?xml version="1.0" encoding="UTF-8"?>
<testsuites retried="0" ignored="0" total="1" passed="0" failed="1" skipped="0">
  <testsuite ignored="0" tests="1" failures="1" name="EJERCICIOVODAFONE" time="18884" errors="1" timestamp="1655200866380">
    <testcase retried="0" name="TC001_-_Ejercicios_QA_Vodafone_on_CHROME" time="18882">
      <failure>
Review execution : There is no driver integrity      </failure>
    </testcase> <!-- TC001_-_Ejercicios_QA_Vodafone_on_CHROME -->
  </testsuite> <!-- EJERCICIOVODAFONE -->
</testsuites>
