<?xml version="1.0" encoding="UTF-8"?>
<testsuites retried="0" ignored="0" total="1" passed="0" failed="1" skipped="0">
  <testsuite ignored="0" tests="1" failures="1" name="EJERCICIOVODAFONE" time="4" errors="1" timestamp="1655364235321">
    <testcase retried="0" name="TC001_-_Ejercicios_QA_Vodafone_on_CHROME" time="4">
      <failure>
Error de datos : Los datos introducidos no son correctos.      </failure>
    </testcase> <!-- TC001_-_Ejercicios_QA_Vodafone_on_CHROME -->
  </testsuite> <!-- EJERCICIOVODAFONE -->
</testsuites>
